<?xml version="1.0" encoding="UTF-8"?>
<testng-results ignored="0" total="1" passed="1" failed="0" skipped="0">
  <reporter-output>
  </reporter-output>
  <suite started-at="2024-01-22T12:42:36 IST" name="Default suite" finished-at="2024-01-22T12:43:00 IST" duration-ms="23773">
    <groups>
    </groups>
    <test started-at="2024-01-22T12:42:36 IST" name="Default test" finished-at="2024-01-22T12:43:00 IST" duration-ms="23773">
      <class name="shopclues.Shopcluestest">
        <test-method is-config="true" signature="setup()[pri:0, instance:shopclues.Shopcluestest@4fb3ee4e]" started-at="2024-01-22T12:42:36 IST" name="setup" finished-at="2024-01-22T12:42:48 IST" duration-ms="11955" status="PASS">
          <reporter-output>
          </reporter-output>
        </test-method> <!-- setup -->
        <test-method signature="test()[pri:0, instance:shopclues.Shopcluestest@4fb3ee4e]" started-at="2024-01-22T12:42:48 IST" name="test" finished-at="2024-01-22T12:43:00 IST" duration-ms="11770" status="PASS">
          <reporter-output>
          </reporter-output>
        </test-method> <!-- test -->
      </class> <!-- shopclues.Shopcluestest -->
    </test> <!-- Default test -->
  </suite> <!-- Default suite -->
</testng-results>
