<?xml version="1.0" encoding="UTF-8"?>
<testng-results ignored="0" total="1" passed="1" failed="0" skipped="0">
  <reporter-output>
  </reporter-output>
  <suite started-at="2024-01-22T16:03:23 IST" name="Default suite" finished-at="2024-01-22T16:04:06 IST" duration-ms="43629">
    <groups>
    </groups>
    <test started-at="2024-01-22T16:03:23 IST" name="Default test" finished-at="2024-01-22T16:04:06 IST" duration-ms="43629">
      <class name="shopclues.Shopcluestest">
        <test-method is-config="true" signature="setup()[pri:0, instance:shopclues.Shopcluestest@4fb3ee4e]" started-at="2024-01-22T16:03:23 IST" name="setup" finished-at="2024-01-22T16:03:44 IST" duration-ms="21461" status="PASS">
          <reporter-output>
          </reporter-output>
        </test-method> <!-- setup -->
        <test-method signature="test()[pri:0, instance:shopclues.Shopcluestest@4fb3ee4e]" started-at="2024-01-22T16:03:44 IST" name="test" finished-at="2024-01-22T16:04:06 IST" duration-ms="22116" status="PASS">
          <reporter-output>
          </reporter-output>
        </test-method> <!-- test -->
      </class> <!-- shopclues.Shopcluestest -->
    </test> <!-- Default test -->
  </suite> <!-- Default suite -->
</testng-results>
